[12.627s] DEBUG:colcon:Command line arguments: ['/usr/bin/colcon', 'list', '-p', '--base-paths', '/home/sachi/Desktop/college_project/touch']
[12.627s] DEBUG:colcon:Parsed command line arguments: Namespace(base_paths=['/home/sachi/Desktop/college_project/touch'], build_base='build', ignore_user_meta=False, log_base=None, log_level=None, main=<bound method ListVerb.main of <colcon_package_information.verb.list.ListVerb object at 0x7fa8b01d1130>>, metas=['./colcon.meta'], names_only=False, packages_above=None, packages_above_and_dependencies=None, packages_above_depth=None, packages_end=None, packages_ignore=None, packages_ignore_regex=None, packages_select=None, packages_select_build_failed=False, packages_select_by_dep=None, packages_select_regex=None, packages_select_test_failures=False, packages_skip=None, packages_skip_build_finished=False, packages_skip_by_dep=None, packages_skip_regex=None, packages_skip_test_passed=False, packages_skip_up_to=None, packages_start=None, packages_up_to=None, packages_up_to_regex=None, paths=None, paths_only=True, topological_graph=False, topological_graph_density=False, topological_graph_dot=False, topological_graph_dot_cluster=False, topological_graph_dot_include_skipped=False, topological_graph_legend=False, topological_order=False, verb_extension=<colcon_package_information.verb.list.ListVerb object at 0x7fa8b01d1130>, verb_name='list', verb_parser=<colcon_defaults.argument_parser.defaults.DefaultArgumentsDecorator object at 0x7fa8b006e460>)
[15.556s] Level 1:colcon.colcon_core.package_discovery:discover_packages(colcon_meta) check parameters
[15.556s] Level 1:colcon.colcon_core.package_discovery:discover_packages(recursive) check parameters
[15.557s] Level 1:colcon.colcon_core.package_discovery:discover_packages(ignore) check parameters
[15.557s] Level 1:colcon.colcon_core.package_discovery:discover_packages(path) check parameters
[15.557s] Level 1:colcon.colcon_core.package_discovery:discover_packages(recursive) discover
[15.557s] INFO:colcon.colcon_core.package_discovery:Crawling recursively for packages in '/home/sachi/Desktop/college_project/touch'
[15.557s] Level 1:colcon.colcon_core.package_identification:_identify(/home/sachi/Desktop/college_project/touch) by extensions ['ignore', 'ignore_ament_install']
[15.558s] Level 1:colcon.colcon_core.package_identification:_identify(/home/sachi/Desktop/college_project/touch) by extension 'ignore'
[15.558s] Level 1:colcon.colcon_core.package_identification:_identify(/home/sachi/Desktop/college_project/touch) by extension 'ignore_ament_install'
[15.558s] Level 1:colcon.colcon_core.package_identification:_identify(/home/sachi/Desktop/college_project/touch) by extensions ['colcon_pkg']
[15.558s] Level 1:colcon.colcon_core.package_identification:_identify(/home/sachi/Desktop/college_project/touch) by extension 'colcon_pkg'
[15.558s] Level 1:colcon.colcon_core.package_identification:_identify(/home/sachi/Desktop/college_project/touch) by extensions ['colcon_meta']
[15.558s] Level 1:colcon.colcon_core.package_identification:_identify(/home/sachi/Desktop/college_project/touch) by extension 'colcon_meta'
[15.558s] Level 1:colcon.colcon_core.package_identification:_identify(/home/sachi/Desktop/college_project/touch) by extensions ['ros']
[15.558s] Level 1:colcon.colcon_core.package_identification:_identify(/home/sachi/Desktop/college_project/touch) by extension 'ros'
[15.974s] Level 1:colcon.colcon_core.package_identification:_identify(/home/sachi/Desktop/college_project/touch) by extensions ['cmake', 'python']
[15.974s] Level 1:colcon.colcon_core.package_identification:_identify(/home/sachi/Desktop/college_project/touch) by extension 'cmake'
[15.974s] Level 1:colcon.colcon_core.package_identification:_identify(/home/sachi/Desktop/college_project/touch) by extension 'python'
[15.974s] Level 1:colcon.colcon_core.package_identification:_identify(/home/sachi/Desktop/college_project/touch) by extensions ['python_setup_py']
[15.974s] Level 1:colcon.colcon_core.package_identification:_identify(/home/sachi/Desktop/college_project/touch) by extension 'python_setup_py'
[15.975s] Level 1:colcon.colcon_core.package_identification:_identify(/home/sachi/Desktop/college_project/touch/classification) by extensions ['ignore', 'ignore_ament_install']
[15.975s] Level 1:colcon.colcon_core.package_identification:_identify(/home/sachi/Desktop/college_project/touch/classification) by extension 'ignore'
[15.975s] Level 1:colcon.colcon_core.package_identification:_identify(/home/sachi/Desktop/college_project/touch/classification) by extension 'ignore_ament_install'
[15.975s] Level 1:colcon.colcon_core.package_identification:_identify(/home/sachi/Desktop/college_project/touch/classification) by extensions ['colcon_pkg']
[15.975s] Level 1:colcon.colcon_core.package_identification:_identify(/home/sachi/Desktop/college_project/touch/classification) by extension 'colcon_pkg'
[15.975s] Level 1:colcon.colcon_core.package_identification:_identify(/home/sachi/Desktop/college_project/touch/classification) by extensions ['colcon_meta']
[15.975s] Level 1:colcon.colcon_core.package_identification:_identify(/home/sachi/Desktop/college_project/touch/classification) by extension 'colcon_meta'
[15.976s] Level 1:colcon.colcon_core.package_identification:_identify(/home/sachi/Desktop/college_project/touch/classification) by extensions ['ros']
[15.976s] Level 1:colcon.colcon_core.package_identification:_identify(/home/sachi/Desktop/college_project/touch/classification) by extension 'ros'
[15.976s] Level 1:colcon.colcon_core.package_identification:_identify(/home/sachi/Desktop/college_project/touch/classification) by extensions ['cmake', 'python']
[15.976s] Level 1:colcon.colcon_core.package_identification:_identify(/home/sachi/Desktop/college_project/touch/classification) by extension 'cmake'
[15.976s] Level 1:colcon.colcon_core.package_identification:_identify(/home/sachi/Desktop/college_project/touch/classification) by extension 'python'
[15.976s] Level 1:colcon.colcon_core.package_identification:_identify(/home/sachi/Desktop/college_project/touch/classification) by extensions ['python_setup_py']
[15.976s] Level 1:colcon.colcon_core.package_identification:_identify(/home/sachi/Desktop/college_project/touch/classification) by extension 'python_setup_py'
[15.977s] Level 1:colcon.colcon_core.package_identification:_identify(/home/sachi/Desktop/college_project/touch/data) by extensions ['ignore', 'ignore_ament_install']
[15.977s] Level 1:colcon.colcon_core.package_identification:_identify(/home/sachi/Desktop/college_project/touch/data) by extension 'ignore'
[15.977s] Level 1:colcon.colcon_core.package_identification:_identify(/home/sachi/Desktop/college_project/touch/data) by extension 'ignore_ament_install'
[15.977s] Level 1:colcon.colcon_core.package_identification:_identify(/home/sachi/Desktop/college_project/touch/data) by extensions ['colcon_pkg']
[15.977s] Level 1:colcon.colcon_core.package_identification:_identify(/home/sachi/Desktop/college_project/touch/data) by extension 'colcon_pkg'
[15.977s] Level 1:colcon.colcon_core.package_identification:_identify(/home/sachi/Desktop/college_project/touch/data) by extensions ['colcon_meta']
[15.977s] Level 1:colcon.colcon_core.package_identification:_identify(/home/sachi/Desktop/college_project/touch/data) by extension 'colcon_meta'
[15.977s] Level 1:colcon.colcon_core.package_identification:_identify(/home/sachi/Desktop/college_project/touch/data) by extensions ['ros']
[15.978s] Level 1:colcon.colcon_core.package_identification:_identify(/home/sachi/Desktop/college_project/touch/data) by extension 'ros'
[15.978s] Level 1:colcon.colcon_core.package_identification:_identify(/home/sachi/Desktop/college_project/touch/data) by extensions ['cmake', 'python']
[15.978s] Level 1:colcon.colcon_core.package_identification:_identify(/home/sachi/Desktop/college_project/touch/data) by extension 'cmake'
[15.978s] Level 1:colcon.colcon_core.package_identification:_identify(/home/sachi/Desktop/college_project/touch/data) by extension 'python'
[15.978s] Level 1:colcon.colcon_core.package_identification:_identify(/home/sachi/Desktop/college_project/touch/data) by extensions ['python_setup_py']
[15.978s] Level 1:colcon.colcon_core.package_identification:_identify(/home/sachi/Desktop/college_project/touch/data) by extension 'python_setup_py'
[15.978s] Level 1:colcon.colcon_core.package_identification:_identify(/home/sachi/Desktop/college_project/touch/log) by extensions ['ignore', 'ignore_ament_install']
[15.979s] Level 1:colcon.colcon_core.package_identification:_identify(/home/sachi/Desktop/college_project/touch/log) by extension 'ignore'
[15.979s] Level 1:colcon.colcon_core.package_identification:_identify(/home/sachi/Desktop/college_project/touch/log) ignored
[15.979s] Level 1:colcon.colcon_core.package_identification:_identify(/home/sachi/Desktop/college_project/touch/shared) by extensions ['ignore', 'ignore_ament_install']
[15.979s] Level 1:colcon.colcon_core.package_identification:_identify(/home/sachi/Desktop/college_project/touch/shared) by extension 'ignore'
[15.979s] Level 1:colcon.colcon_core.package_identification:_identify(/home/sachi/Desktop/college_project/touch/shared) by extension 'ignore_ament_install'
[15.980s] Level 1:colcon.colcon_core.package_identification:_identify(/home/sachi/Desktop/college_project/touch/shared) by extensions ['colcon_pkg']
[15.980s] Level 1:colcon.colcon_core.package_identification:_identify(/home/sachi/Desktop/college_project/touch/shared) by extension 'colcon_pkg'
[15.980s] Level 1:colcon.colcon_core.package_identification:_identify(/home/sachi/Desktop/college_project/touch/shared) by extensions ['colcon_meta']
[15.980s] Level 1:colcon.colcon_core.package_identification:_identify(/home/sachi/Desktop/college_project/touch/shared) by extension 'colcon_meta'
[15.980s] Level 1:colcon.colcon_core.package_identification:_identify(/home/sachi/Desktop/college_project/touch/shared) by extensions ['ros']
[15.980s] Level 1:colcon.colcon_core.package_identification:_identify(/home/sachi/Desktop/college_project/touch/shared) by extension 'ros'
[15.980s] Level 1:colcon.colcon_core.package_identification:_identify(/home/sachi/Desktop/college_project/touch/shared) by extensions ['cmake', 'python']
[15.980s] Level 1:colcon.colcon_core.package_identification:_identify(/home/sachi/Desktop/college_project/touch/shared) by extension 'cmake'
[15.980s] Level 1:colcon.colcon_core.package_identification:_identify(/home/sachi/Desktop/college_project/touch/shared) by extension 'python'
[15.980s] Level 1:colcon.colcon_core.package_identification:_identify(/home/sachi/Desktop/college_project/touch/shared) by extensions ['python_setup_py']
[15.981s] Level 1:colcon.colcon_core.package_identification:_identify(/home/sachi/Desktop/college_project/touch/shared) by extension 'python_setup_py'
[15.981s] Level 1:colcon.colcon_core.package_identification:_identify(/home/sachi/Desktop/college_project/touch/weights) by extensions ['ignore', 'ignore_ament_install']
[15.981s] Level 1:colcon.colcon_core.package_identification:_identify(/home/sachi/Desktop/college_project/touch/weights) by extension 'ignore'
[15.981s] Level 1:colcon.colcon_core.package_identification:_identify(/home/sachi/Desktop/college_project/touch/weights) by extension 'ignore_ament_install'
[15.981s] Level 1:colcon.colcon_core.package_identification:_identify(/home/sachi/Desktop/college_project/touch/weights) by extensions ['colcon_pkg']
[15.981s] Level 1:colcon.colcon_core.package_identification:_identify(/home/sachi/Desktop/college_project/touch/weights) by extension 'colcon_pkg'
[15.981s] Level 1:colcon.colcon_core.package_identification:_identify(/home/sachi/Desktop/college_project/touch/weights) by extensions ['colcon_meta']
[15.982s] Level 1:colcon.colcon_core.package_identification:_identify(/home/sachi/Desktop/college_project/touch/weights) by extension 'colcon_meta'
[15.982s] Level 1:colcon.colcon_core.package_identification:_identify(/home/sachi/Desktop/college_project/touch/weights) by extensions ['ros']
[15.982s] Level 1:colcon.colcon_core.package_identification:_identify(/home/sachi/Desktop/college_project/touch/weights) by extension 'ros'
[15.982s] Level 1:colcon.colcon_core.package_identification:_identify(/home/sachi/Desktop/college_project/touch/weights) by extensions ['cmake', 'python']
[15.982s] Level 1:colcon.colcon_core.package_identification:_identify(/home/sachi/Desktop/college_project/touch/weights) by extension 'cmake'
[15.982s] Level 1:colcon.colcon_core.package_identification:_identify(/home/sachi/Desktop/college_project/touch/weights) by extension 'python'
[15.982s] Level 1:colcon.colcon_core.package_identification:_identify(/home/sachi/Desktop/college_project/touch/weights) by extensions ['python_setup_py']
[15.982s] Level 1:colcon.colcon_core.package_identification:_identify(/home/sachi/Desktop/college_project/touch/weights) by extension 'python_setup_py'
[15.982s] Level 1:colcon.colcon_core.package_discovery:discover_packages(recursive) using defaults
